<?xml version="1.0" encoding="UTF-8"?>
<testsuite xmlns:xsi="http://www.w3.org/2001/XMLSchema-instance" xsi:noNamespaceSchemaLocation="https://maven.apache.org/surefire/maven-surefire-plugin/xsd/surefire-test-report.xsd" name="ma.mini_projet_hotel.ChambreTest" time="0.009" tests="7" errors="0" skipped="0" failures="0">
  <properties>
[...]
</properties>
  <testcase name="testNbrChombreReserver" classname="ma.mini_projet_hotel.ChambreTest" time="0.001"/>
  <testcase name="testDerChambreLibre" classname="ma.mini_projet_hotel.ChambreTest" time="0.003"/>
  <testcase name="testNbrChombreLibre" classname="ma.mini_projet_hotel.ChambreTest" time="0"/>
  <testcase name="test" classname="ma.mini_projet_hotel.ChambreTest" time="0"/>
  <testcase name="testLibChambre" classname="ma.mini_projet_hotel.ChambreTest" time="0"/>
  <testcase name="testPreChambreLibre" classname="ma.mini_projet_hotel.ChambreTest" time="0"/>
  <testcase name="testResChambre" classname="ma.mini_projet_hotel.ChambreTest" time="0"/>
</testsuite>